<component name="libraryTable">
  <library name="junit-platform1-suite-api-1.9.3">
    <CLASSES>
      <root url="jar://$PROJECT_DIR$/../junit-platform1-suite-api-1.9.3.jar!/" />
    </CLASSES>
    <JAVADOC />
    <SOURCES />
  </library>
</component>