<component name="libraryTable">
  <library name="junit-platform-suite-1.9.3">
    <CLASSES />
    <JAVADOC />
    <SOURCES />
  </library>
</component>